file name: dataset-V101_monoi
Loading images for sequence 0...LOADED!
Loading IMU for sequence 0...LOADED!

ORB-SLAM3 Copyright (C) 2017-2020 Carlos Campos, Richard Elvira, Juan J. Gómez, José M.M. Montiel and Juan D. Tardós, University of Zaragoza.
ORB-SLAM2 Copyright (C) 2014-2016 Raúl Mur-Artal, José M.M. Montiel and Juan D. Tardós, University of Zaragoza.
This program comes with ABSOLUTELY NO WARRANTY;
This is free software, and you are welcome to redistribute it
under certain conditions. See LICENSE.txt.

Input sensor was set to: Monocular-Inertial

Loading ORB Vocabulary. This could take a while...
Vocabulary loaded!

Creation of new map with id: 0
Creation of new map with last KF id: 0
Seq. Name: 

Camera Parameters: 
- Camera: Pinhole
- fx: 458.65399169921875
- fy: 457.29598999023438
- cx: 367.21499633789062
- cy: 248.375
- k1: -0.28340810537338257
- k2: 0.073959067463874817
- p1: 0.00019359000725671649
- p2: 1.7618711353861727e-05
- fps: 20
- color order: RGB (ignored if grayscale)

ORB Extractor Parameters: 
- Number of Features: 1000
- Scale Levels: 8
- Scale Factor: 1.2000000476837158
- Initial Fast Threshold: 20
- Minimum Fast Threshold: 7

Left camera to Imu Transform (Tbc): 
[0.014865543, -0.99988091, 0.004140297, -0.021640146;
 0.99955726, 0.014967213, 0.02571553, -0.064676985;
 -0.025774436, 0.0037561883, 0.99966073, 0.0098107308;
 0, 0, 0, 1]

IMU frequency: 200 Hz
IMU gyro noise: 0.00016999999934341758 rad/s/sqrt(Hz)
IMU gyro walk: 1.9392999092815444e-05 rad/s^2/sqrt(Hz)
IMU accelerometer noise: 0.0020000000949949026 m/s^2/sqrt(Hz)
IMU accelerometer walk: 0.0030000000260770321 m/s^3/sqrt(Hz)
NEmpty: 94
Pyramid: 1.4699059999999999
EXTRACT: 18.640561000000002
NEmpty: 95
Pyramid: 1.472739
EXTRACT: 17.447298
NEmpty: 93
Pyramid: 1.446529
EXTRACT: 17.588639000000001
NEmpty: 93
Pyramid: 1.5114179999999999
EXTRACT: 17.453029999999998
NEmpty: 92
Pyramid: 1.4544870000000001
EXTRACT: 17.498728
NEmpty: 98
Pyramid: 1.453549
EXTRACT: 17.522721000000001
NEmpty: 96
Pyramid: 1.429881
EXTRACT: 17.593910000000001
NEmpty: 99
Pyramid: 1.4337120000000001
EXTRACT: 17.419036999999999
NEmpty: 96
Pyramid: 1.4428430000000001
EXTRACT: 17.472470999999999
NEmpty: 94
Pyramid: 1.4608019999999999
EXTRACT: 17.473063
NEmpty: 98
Pyramid: 1.3851629999999999
EXTRACT: 17.310566000000001
NEmpty: 96
Pyramid: 1.4441090000000001
EXTRACT: 17.491591
NEmpty: 96
Pyramid: 1.4423919999999999
EXTRACT: 17.354675
NEmpty: 95
Pyramid: 1.434043
EXTRACT: 17.397506
NEmpty: 97
Pyramid: 1.4251149999999999
EXTRACT: 17.414487000000001
NEmpty: 96
Pyramid: 1.455109
EXTRACT: 17.353483000000001
NEmpty: 98
Pyramid: 1.4144969999999999
EXTRACT: 17.456074000000001
NEmpty: 98
Pyramid: 1.4571240000000001
EXTRACT: 17.45421
NEmpty: 96
Pyramid: 1.4303969999999999
EXTRACT: 17.413561000000001
NEmpty: 99
Pyramid: 1.4156029999999999
EXTRACT: 17.300961999999998
NEmpty: 97
Pyramid: 1.4254260000000001
EXTRACT: 17.460032999999999
NEmpty: 97
Pyramid: 1.4407099999999999
EXTRACT: 17.493469999999999
NEmpty: 98
Pyramid: 1.4266509999999999
EXTRACT: 17.478684999999999
NEmpty: 98
Pyramid: 1.4811270000000001
EXTRACT: 18.256592000000001
NEmpty: 96
Pyramid: 1.9257789999999999
EXTRACT: 23.207428
NEmpty: 94
Pyramid: 1.447538
EXTRACT: 17.464203000000001
NEmpty: 97
Pyramid: 1.439902
EXTRACT: 17.420798000000001
NEmpty: 99
Pyramid: 1.425969
EXTRACT: 17.466650999999999
NEmpty: 98
Pyramid: 1.4251609999999999
EXTRACT: 17.416492000000002
NEmpty: 99
Pyramid: 1.429238
EXTRACT: 17.579325999999998
NEmpty: 95
Pyramid: 1.4427719999999999
EXTRACT: 17.464621000000001
NEmpty: 97
Pyramid: 1.4234800000000001
EXTRACT: 17.479403000000001
NEmpty: 94
Pyramid: 4.1311960000000001
EXTRACT: 30.588097000000001
NEmpty: 95
Pyramid: 1.450736
EXTRACT: 17.465796000000001
NEmpty: 96
Pyramid: 1.433047
EXTRACT: 17.519680000000001
NEmpty: 97
Pyramid: 1.4466680000000001
EXTRACT: 17.570869999999999
NEmpty: 91
Pyramid: 1.469759
EXTRACT: 17.688873999999998
NEmpty: 95
Pyramid: 1.4744699999999999
EXTRACT: 17.372026999999999
NEmpty: 99
Pyramid: 1.431781
EXTRACT: 17.489179
NEmpty: 97
Pyramid: 1.448472
EXTRACT: 17.540493999999999
NEmpty: 95
Pyramid: 1.4423600000000001
EXTRACT: 17.478165000000001
NEmpty: 98
Pyramid: 1.4387749999999999
EXTRACT: 17.443646999999999
NEmpty: 97
Pyramid: 1.4467760000000001
EXTRACT: 17.512360000000001
NEmpty: 98
Pyramid: 1.422849
EXTRACT: 17.411973
NEmpty: 93
Pyramid: 1.4544220000000001
EXTRACT: 17.351927
NEmpty: 99
Pyramid: 1.4379839999999999
EXTRACT: 17.510325000000002
NEmpty: 97
Pyramid: 1.4601139999999999
EXTRACT: 17.803633000000001
NEmpty: 97
Pyramid: 1.734885
EXTRACT: 20.827669
NEmpty: 95
Pyramid: 1.433298
EXTRACT: 17.309763
NEmpty: 93
Pyramid: 1.4862
EXTRACT: 17.430568999999998
NEmpty: 97
Pyramid: 1.4384159999999999
EXTRACT: 17.4069
NEmpty: 97
Pyramid: 1.4410499999999999
EXTRACT: 17.675415000000001
NEmpty: 100
Pyramid: 1.411435
EXTRACT: 17.558959000000002
NEmpty: 97
Pyramid: 1.474378
EXTRACT: 17.445986999999999
NEmpty: 99
Pyramid: 1.4330609999999999
EXTRACT: 17.382631
NEmpty: 94
Pyramid: 1.4477599999999999
EXTRACT: 17.394345999999999
NEmpty: 95
Pyramid: 1.436806
EXTRACT: 17.346795
NEmpty: 96
Pyramid: 1.451193
EXTRACT: 17.430351000000002
NEmpty: 97
Pyramid: 1.438795
EXTRACT: 17.399488000000002
NEmpty: 99
Pyramid: 1.437263
EXTRACT: 17.396467000000001
NEmpty: 95
Pyramid: 1.4687479999999999
EXTRACT: 17.561339
NEmpty: 96
Pyramid: 1.455368
EXTRACT: 17.558450000000001
NEmpty: 98
Pyramid: 1.425597
EXTRACT: 17.308702
NEmpty: 94
Pyramid: 1.438671
EXTRACT: 17.472351
NEmpty: 97
Pyramid: 1.430542
EXTRACT: 17.406742000000001
NEmpty: 98
Pyramid: 1.4217930000000001
EXTRACT: 17.440602999999999
NEmpty: 96
Pyramid: 1.4451229999999999
EXTRACT: 17.480412000000001
NEmpty: 99
Pyramid: 1.4206240000000001
EXTRACT: 17.411252000000001
NEmpty: 95
Pyramid: 1.4319839999999999
EXTRACT: 17.298521000000001
NEmpty: 94
Pyramid: 1.486372
EXTRACT: 18.057980000000001
NEmpty: 95
Pyramid: 1.733579
EXTRACT: 20.827486
NEmpty: 95
Pyramid: 1.481007
EXTRACT: 17.552246
NEmpty: 98
Pyramid: 1.4297960000000001
EXTRACT: 17.410623999999999
NEmpty: 95
Pyramid: 1.4338439999999999
EXTRACT: 17.502092000000001
NEmpty: 96
Pyramid: 1.455104
EXTRACT: 17.326477000000001
NEmpty: 99
Pyramid: 1.435716
EXTRACT: 17.488692
NEmpty: 95
Pyramid: 1.436496
EXTRACT: 17.427149
NEmpty: 97
Pyramid: 1.427047
EXTRACT: 17.474079
NEmpty: 96
Pyramid: 1.454704
EXTRACT: 17.514724999999999
NEmpty: 95
Pyramid: 1.4452229999999999
EXTRACT: 17.461746000000002
NEmpty: 95
Pyramid: 1.4478219999999999
EXTRACT: 17.730008999999999
NEmpty: 98
Pyramid: 1.4512510000000001
EXTRACT: 17.503287
NEmpty: 92
Pyramid: 1.453714
EXTRACT: 17.371934
NEmpty: 94
Pyramid: 1.4583759999999999
EXTRACT: 17.430526
NEmpty: 97
Pyramid: 1.442998
EXTRACT: 17.567454999999999
NEmpty: 96
Pyramid: 1.4358029999999999
EXTRACT: 17.505393000000002
NEmpty: 98
Pyramid: 1.425189
EXTRACT: 17.377289000000001
NEmpty: 97
Pyramid: 1.4343300000000001
EXTRACT: 17.430745000000002
NEmpty: 96
Pyramid: 1.4327019999999999
EXTRACT: 17.446505999999999
NEmpty: 97
Pyramid: 1.4234770000000001
EXTRACT: 17.543627999999998
NEmpty: 97
Pyramid: 1.455295
EXTRACT: 17.524235000000001
NEmpty: 99
Pyramid: 1.428051
EXTRACT: 17.504577999999999
NEmpty: 97
Pyramid: 1.519833
EXTRACT: 18.379345000000001
NEmpty: 95
Pyramid: 1.968917
EXTRACT: 23.49663
NEmpty: 94
Pyramid: 1.44573
EXTRACT: 17.493048000000002
NEmpty: 96
Pyramid: 1.476062
EXTRACT: 17.481110000000001
NEmpty: 98
Pyramid: 1.428177
EXTRACT: 17.543092999999999
NEmpty: 94
Pyramid: 1.4972859999999999
EXTRACT: 17.486937000000001
NEmpty: 95
Pyramid: 1.4265779999999999
EXTRACT: 17.515264999999999
NEmpty: 97
Pyramid: 1.418598
EXTRACT: 17.448785000000001
NEmpty: 98
Pyramid: 1.402417
EXTRACT: 17.381691
NEmpty: 97
Pyramid: 1.4126050000000001
EXTRACT: 17.345562000000001
NEmpty: 99
Pyramid: 1.39879
EXTRACT: 17.540994000000001
NEmpty: 96
Pyramid: 1.4765900000000001
EXTRACT: 17.448445
NEmpty: 96
Pyramid: 1.3813839999999999
EXTRACT: 17.381833
NEmpty: 97
Pyramid: 1.376816
EXTRACT: 17.184535
NEmpty: 91
Pyramid: 1.3538730000000001
EXTRACT: 17.101020999999999
NEmpty: 88
Pyramid: 1.3258449999999999
EXTRACT: 16.823177000000001
NEmpty: 96
Pyramid: 1.350881
EXTRACT: 17.208672
NEmpty: 88
Pyramid: 1.353383
EXTRACT: 17.002039
NEmpty: 87
Pyramid: 1.294497
EXTRACT: 16.846464999999998
First KF:0; Map init KF:0
New Map created with 269 points
Point distribution in KeyFrame: left-> 269 --- right-> 0
NEmpty: 88
Pyramid: 1.2929060000000001
EXTRACT: 7.733803
NEmpty: 81
Pyramid: 1.307847
EXTRACT: 7.6096079999999997
NEmpty: 78
Pyramid: 1.8913819999999999
EXTRACT: 11.263324000000001
NEmpty: 81
Pyramid: 2.9429850000000002
EXTRACT: 16.901057000000002
NEmpty: 85
Pyramid: 1.85562
EXTRACT: 10.490071
NEmpty: 84
Pyramid: 1.320103
EXTRACT: 7.6839060000000003
NEmpty: 83
Pyramid: 2.017585
EXTRACT: 12.493506
NEmpty: 83
Pyramid: 3.518777
EXTRACT: 19.984660000000002
NEmpty: 79
Pyramid: 2.1303649999999998
EXTRACT: 11.570694
NEmpty: 82
Pyramid: 2.1651229999999999
EXTRACT: 12.275195
NEmpty: 79
Pyramid: 2.874987
EXTRACT: 16.147454
NEmpty: 79
Pyramid: 1.8115209999999999
EXTRACT: 10.493027
NEmpty: 80
Pyramid: 2.6308880000000001
EXTRACT: 14.158538999999999
NEmpty: 84
Pyramid: 2.8459300000000001
EXTRACT: 16.160346000000001
NEmpty: 82
Pyramid: 2.0578159999999999
EXTRACT: 11.591085
NEmpty: 87
Pyramid: 2.1984270000000001
EXTRACT: 12.579914
NEmpty: 85
Pyramid: 1.902325
EXTRACT: 10.370766
NEmpty: 82
Pyramid: 2.5901700000000001
EXTRACT: 14.663099000000001
NEmpty: 87
Pyramid: 2.272284
EXTRACT: 12.670551
NEmpty: 86
Pyramid: 1.8720829999999999
EXTRACT: 10.428805000000001
NEmpty: 83
Pyramid: 2.6026030000000002
EXTRACT: 14.671047
NEmpty: 92
Pyramid: 2.1429079999999998
EXTRACT: 11.85787
NEmpty: 81
Pyramid: 1.3931750000000001
EXTRACT: 7.6501510000000001
NEmpty: 83
Pyramid: 1.9915970000000001
EXTRACT: 11.810252
NEmpty: 82
Pyramid: 3.121343
EXTRACT: 17.796216000000001
NEmpty: 75
Pyramid: 1.945281
EXTRACT: 10.772220000000001
NEmpty: 79
Pyramid: 1.4084589999999999
EXTRACT: 7.7893860000000004
NEmpty: 83
Pyramid: 1.424404
EXTRACT: 8.3922550000000005
NEmpty: 82
Pyramid: 2.4905590000000002
EXTRACT: 13.726103
NEmpty: 81
Pyramid: 2.752329
EXTRACT: 15.478161999999999
NEmpty: 80
Pyramid: 2.1079590000000001
EXTRACT: 11.504759
NEmpty: 78
Pyramid: 1.6455230000000001
EXTRACT: 8.8854500000000005
NEmpty: 76
Pyramid: 1.319151
EXTRACT: 7.5884799999999997
NEmpty: 79
Pyramid: 1.962259
EXTRACT: 11.736573999999999
NEmpty: 78
Pyramid: 3.0830250000000001
EXTRACT: 17.748664000000002
NEmpty: 68
Pyramid: 1.6549720000000001
EXTRACT: 10.211100999999999
NEmpty: 67
Pyramid: 1.2507740000000001
EXTRACT: 8.0737410000000001
NEmpty: 66
Pyramid: 1.0961430000000001
EXTRACT: 7.1258530000000002
NEmpty: 64
Pyramid: 1.7892619999999999
EXTRACT: 10.934333000000001
NEmpty: 67
Pyramid: 2.561248
EXTRACT: 16.271138000000001
NEmpty: 67
Pyramid: 1.546767
EXTRACT: 9.7013390000000008
NEmpty: 62
Pyramid: 1.0003489999999999
EXTRACT: 6.7365459999999997
build optimization graph
start optimization
end optimization
NEmpty: 58
Pyramid: 1.0140020000000001
EXTRACT: 6.7824
IMU in Map 0 is initialized
NEmpty: 57
Pyramid: 1.089437
EXTRACT: 6.9121480000000002
NEmpty: 63
Pyramid: 1.0795619999999999
EXTRACT: 6.8878450000000004
NEmpty: 64
Pyramid: 1.078538
EXTRACT: 7.2316880000000001
NEmpty: 64
Pyramid: 3.039555
EXTRACT: 18.805226000000001
NEmpty: 63
Pyramid: 1.6494679999999999
EXTRACT: 9.2245349999999995
NEmpty: 63
Pyramid: 1.073534
EXTRACT: 6.9609170000000002
NEmpty: 60
Pyramid: 1.068384
EXTRACT: 6.9940340000000001
NEmpty: 60
Pyramid: 1.0461750000000001
EXTRACT: 6.7858179999999999
NEmpty: 62
Pyramid: 1.488963
EXTRACT: 10.206348999999999
NEmpty: 65
Pyramid: 2.414892
EXTRACT: 16.087403999999999
NEmpty: 64
Pyramid: 1.484542
EXTRACT: 9.6289160000000003
NEmpty: 64
Pyramid: 1.555739
EXTRACT: 10.212217000000001
NEmpty: 64
Pyramid: 1.3828419999999999
EXTRACT: 8.7026869999999992
NEmpty: 64
Pyramid: 1.030087
EXTRACT: 6.949452
NEmpty: 68
Pyramid: 1.1265670000000001
EXTRACT: 7.3934629999999997
NEmpty: 71
Pyramid: 1.80972
EXTRACT: 13.22296
NEmpty: 65
Pyramid: 2.0418440000000002
EXTRACT: 14.094884
NEmpty: 69
Pyramid: 1.051736
EXTRACT: 7.051393
NEmpty: 70
Pyramid: 1.0032160000000001
EXTRACT: 6.7791579999999998
NEmpty: 69
Pyramid: 0.979688
EXTRACT: 6.888757
NEmpty: 68
Pyramid: 1.057145
EXTRACT: 6.9738860000000003
NEmpty: 72
Pyramid: 1.018154
EXTRACT: 7.0312219999999996
NEmpty: 75
Pyramid: 1.084619
EXTRACT: 7.2131150000000002
NEmpty: 84
Pyramid: 1.093194
EXTRACT: 7.6467799999999997
NEmpty: 82
Pyramid: 1.1262129999999999
EXTRACT: 7.2882759999999998
NEmpty: 89
Pyramid: 1.190825
EXTRACT: 7.5097820000000004
NEmpty: 86
Pyramid: 1.208288
EXTRACT: 7.4859309999999999
NEmpty: 87
Pyramid: 1.2700499999999999
EXTRACT: 7.3877629999999996
NEmpty: 95
Pyramid: 1.255045
EXTRACT: 7.7959509999999996
NEmpty: 98
Pyramid: 1.288438
EXTRACT: 7.7185230000000002
NEmpty: 101
Pyramid: 1.2879590000000001
EXTRACT: 8.3065569999999997
NEmpty: 104
Pyramid: 1.2983210000000001
EXTRACT: 8.1790179999999992
NEmpty: 104
Pyramid: 1.3050919999999999
EXTRACT: 7.8791869999999999
NEmpty: 104
Pyramid: 1.3293299999999999
EXTRACT: 7.973249
NEmpty: 110
Pyramid: 1.342117
EXTRACT: 7.9264479999999997
NEmpty: 110
Pyramid: 1.3448979999999999
EXTRACT: 7.987628
NEmpty: 117
Pyramid: 1.3429279999999999
EXTRACT: 7.8764099999999999
NEmpty: 115
Pyramid: 1.335715
EXTRACT: 7.9868350000000001
NEmpty: 117
Pyramid: 1.385025
EXTRACT: 8.1049279999999992
NEmpty: 120
Pyramid: 1.367774
EXTRACT: 8.128895
NEmpty: 123
Pyramid: 1.3801779999999999
EXTRACT: 8.2846109999999999
NEmpty: 125
Pyramid: 1.382752
EXTRACT: 7.9918849999999999
NEmpty: 126
Pyramid: 1.4016
EXTRACT: 8.3941079999999992
NEmpty: 137
Pyramid: 1.404844
EXTRACT: 8.335388
start VIBA 1
build optimization graph
start optimization
end optimization
NEmpty: 129
Pyramid: 1.4267319999999999
EXTRACT: 8.5705419999999997
end VIBA 1
NEmpty: 133
Pyramid: 1.401249
EXTRACT: 8.3398470000000007
NEmpty: 137
Pyramid: 1.4235059999999999
EXTRACT: 8.4735289999999992
NEmpty: 137
Pyramid: 1.385391
EXTRACT: 8.0823809999999998
NEmpty: 135
Pyramid: 1.425316
EXTRACT: 8.2277330000000006
NEmpty: 134
Pyramid: 1.431376
EXTRACT: 8.5751729999999995
NEmpty: 141
Pyramid: 1.3796619999999999
EXTRACT: 8.0724169999999997
NEmpty: 144
Pyramid: 1.4212290000000001
EXTRACT: 8.4297599999999999
NEmpty: 149
Pyramid: 1.4026130000000001
EXTRACT: 8.4870079999999994
NEmpty: 149
Pyramid: 1.481028
EXTRACT: 8.2424739999999996
NEmpty: 148
Pyramid: 1.458825
EXTRACT: 8.3399490000000007
NEmpty: 149
Pyramid: 1.5306439999999999
EXTRACT: 8.5631149999999998
NEmpty: 146
Pyramid: 1.5077609999999999
EXTRACT: 8.4024339999999995
NEmpty: 147
Pyramid: 1.513609
EXTRACT: 8.4759449999999994
NEmpty: 146
Pyramid: 1.5245880000000001
EXTRACT: 8.9370189999999994
NEmpty: 144
Pyramid: 1.5534380000000001
EXTRACT: 8.5348240000000004
NEmpty: 145
Pyramid: 1.5805959999999999
EXTRACT: 8.6401079999999997
NEmpty: 146
Pyramid: 1.481417
EXTRACT: 8.7331970000000005
NEmpty: 145
Pyramid: 1.485495
EXTRACT: 8.4686699999999995
NEmpty: 144
Pyramid: 2.0964399999999999
EXTRACT: 12.705541
NEmpty: 144
Pyramid: 1.9940040000000001
EXTRACT: 10.468752
NEmpty: 142
Pyramid: 1.489393
EXTRACT: 8.6425739999999998
NEmpty: 139
Pyramid: 1.508256
EXTRACT: 8.5808809999999998
NEmpty: 144
Pyramid: 1.452998
EXTRACT: 8.4569290000000006
NEmpty: 142
Pyramid: 1.4917800000000001
EXTRACT: 8.4979510000000005
NEmpty: 150
Pyramid: 1.4698450000000001
EXTRACT: 8.5081059999999997
NEmpty: 148
Pyramid: 1.6539170000000001
EXTRACT: 9.9876039999999993
NEmpty: 144
Pyramid: 2.7780149999999999
EXTRACT: 15.568790999999999
NEmpty: 141
Pyramid: 1.9995400000000001
EXTRACT: 11.480445
NEmpty: 140
Pyramid: 1.5170939999999999
EXTRACT: 8.8900699999999997
NEmpty: 140
Pyramid: 1.600068
EXTRACT: 9.3268979999999999
NEmpty: 141
Pyramid: 1.681217
EXTRACT: 9.3563390000000002
NEmpty: 144
Pyramid: 2.434752
EXTRACT: 13.478719
NEmpty: 142
Pyramid: 1.9318280000000001
EXTRACT: 11.335834999999999
NEmpty: 137
Pyramid: 1.5459849999999999
EXTRACT: 8.7679489999999998
NEmpty: 136
Pyramid: 1.512202
EXTRACT: 8.7614210000000003
NEmpty: 144
Pyramid: 1.410353
EXTRACT: 8.3812320000000007
NEmpty: 139
Pyramid: 1.9413210000000001
EXTRACT: 12.324093
NEmpty: 131
Pyramid: 1.881578
EXTRACT: 11.244907
NEmpty: 133
Pyramid: 1.4202520000000001
EXTRACT: 8.5260829999999999
NEmpty: 139
Pyramid: 1.3693299999999999
EXTRACT: 8.4829559999999997
NEmpty: 134
Pyramid: 1.5108760000000001
EXTRACT: 9.2808519999999994
NEmpty: 139
Pyramid: 2.4573689999999999
EXTRACT: 14.313321999999999
NEmpty: 153
Pyramid: 2.2388720000000002
EXTRACT: 11.483247
NEmpty: 151
Pyramid: 1.4319729999999999
EXTRACT: 8.6635980000000004
NEmpty: 154
Pyramid: 1.407872
EXTRACT: 8.4660329999999995
NEmpty: 149
Pyramid: 1.4572179999999999
EXTRACT: 8.2223410000000001
NEmpty: 155
Pyramid: 1.42655
EXTRACT: 9.2514590000000005
NEmpty: 150
Pyramid: 1.521498
EXTRACT: 8.8000019999999992
NEmpty: 150
Pyramid: 1.4662189999999999
EXTRACT: 8.2209230000000009
NEmpty: 152
Pyramid: 1.724515
EXTRACT: 9.8826049999999999
NEmpty: 153
Pyramid: 2.4009520000000002
EXTRACT: 14.477550000000001
NEmpty: 149
Pyramid: 2.3465539999999998
EXTRACT: 12.661057
NEmpty: 151
Pyramid: 1.4621850000000001
EXTRACT: 8.8248370000000005
NEmpty: 155
Pyramid: 1.5717970000000001
EXTRACT: 8.5441529999999997
NEmpty: 162
Pyramid: 1.4118379999999999
EXTRACT: 8.1602979999999992
NEmpty: 161
Pyramid: 1.4670110000000001
EXTRACT: 9.3148459999999993
NEmpty: 163
Pyramid: 1.4647829999999999
EXTRACT: 8.8212480000000006
NEmpty: 160
Pyramid: 1.4746030000000001
EXTRACT: 8.4773309999999995
NEmpty: 160
Pyramid: 7.9244820000000002
EXTRACT: 32.441505999999997
NEmpty: 163
Pyramid: 1.720445
EXTRACT: 8.9603629999999992
NEmpty: 161
Pyramid: 1.5423500000000001
EXTRACT: 8.7728570000000001
NEmpty: 162
Pyramid: 2.0544950000000002
EXTRACT: 11.588404000000001
NEmpty: 157
Pyramid: 1.7545310000000001
EXTRACT: 9.804513
NEmpty: 162
Pyramid: 1.507307
EXTRACT: 9.1193179999999998
NEmpty: 156
Pyramid: 1.4505509999999999
EXTRACT: 9.0807149999999996
NEmpty: 158
Pyramid: 1.491879
EXTRACT: 8.5377869999999998
NEmpty: 156
Pyramid: 1.498119
EXTRACT: 8.5945049999999998
NEmpty: 151
Pyramid: 1.4599230000000001
EXTRACT: 8.6729350000000007
NEmpty: 152
Pyramid: 1.5104930000000001
EXTRACT: 8.7932120000000005
NEmpty: 139
Pyramid: 1.411608
EXTRACT: 8.1625990000000002
NEmpty: 139
Pyramid: 1.396992
EXTRACT: 8.338851
NEmpty: 140
Pyramid: 1.4168179999999999
EXTRACT: 8.5209270000000004
NEmpty: 143
Pyramid: 1.4078850000000001
EXTRACT: 8.2157239999999998
NEmpty: 147
Pyramid: 1.379389
EXTRACT: 8.0597189999999994
NEmpty: 147
Pyramid: 1.410771
EXTRACT: 8.6281090000000003
NEmpty: 148
Pyramid: 1.424377
EXTRACT: 8.2599420000000006
NEmpty: 149
Pyramid: 1.3626419999999999
EXTRACT: 8.0825779999999998
NEmpty: 152
Pyramid: 1.373429
EXTRACT: 8.0771759999999997
NEmpty: 148
Pyramid: 1.371119
EXTRACT: 8.3958729999999999
NEmpty: 147
Pyramid: 1.3849659999999999
EXTRACT: 8.2990870000000001
NEmpty: 148
Pyramid: 1.3676630000000001
EXTRACT: 8.2761720000000008
NEmpty: 150
Pyramid: 1.3539730000000001
EXTRACT: 8.4234880000000008
NEmpty: 151
Pyramid: 1.3493850000000001
EXTRACT: 8.3098709999999993
NEmpty: 146
Pyramid: 1.3701460000000001
EXTRACT: 8.2490640000000006
NEmpty: 148
Pyramid: 1.393904
EXTRACT: 8.3113259999999993
NEmpty: 148
Pyramid: 1.3611679999999999
EXTRACT: 7.8923610000000002
NEmpty: 148
Pyramid: 1.289428
EXTRACT: 17.021401999999998
NEmpty: 149
Pyramid: 1.350023
EXTRACT: 17.006485999999999
NEmpty: 150
Pyramid: 1.2979810000000001
EXTRACT: 11.111133000000001
NEmpty: 155
Pyramid: 4.2312260000000004
EXTRACT: 23.126761999999999
NEmpty: 154
Pyramid: 1.6185020000000001
EXTRACT: 10.277756
NEmpty: 151
Pyramid: 1.320451
EXTRACT: 8.1333769999999994
NEmpty: 154
Pyramid: 1.24579
EXTRACT: 7.8150219999999999
NEmpty: 153
Pyramid: 1.210707
EXTRACT: 7.5467129999999996
NEmpty: 161
Pyramid: 1.16883
EXTRACT: 7.4708889999999997
NEmpty: 159
Pyramid: 1.174382
EXTRACT: 7.6524520000000003
NEmpty: 158
Pyramid: 1.1866129999999999
EXTRACT: 7.7036319999999998
NEmpty: 168
Pyramid: 1.2318960000000001
EXTRACT: 8.0743320000000001
NEmpty: 168
Pyramid: 1.242904
EXTRACT: 7.9612619999999996
NEmpty: 173
Pyramid: 1.3205279999999999
EXTRACT: 8.3345749999999992
NEmpty: 177
Pyramid: 1.2566550000000001
EXTRACT: 7.9193470000000001
NEmpty: 179
Pyramid: 1.2940609999999999
EXTRACT: 7.918622
NEmpty: 181
Pyramid: 1.3412489999999999
EXTRACT: 8.0053300000000007
NEmpty: 183
Pyramid: 1.339815
EXTRACT: 8.1062030000000007
NEmpty: 179
Pyramid: 1.358557
EXTRACT: 8.4579660000000008
NEmpty: 183
Pyramid: 1.3259099999999999
EXTRACT: 8.2982829999999996
NEmpty: 183
Pyramid: 1.3780289999999999
EXTRACT: 7.940366
NEmpty: 185
Pyramid: 1.373413
EXTRACT: 8.3631530000000005
NEmpty: 185
Pyramid: 1.370816
EXTRACT: 8.3371630000000003
NEmpty: 185
Pyramid: 1.341664
EXTRACT: 7.93391
NEmpty: 184
Pyramid: 1.619286
EXTRACT: 9.9597119999999997
NEmpty: 182
Pyramid: 1.495382
EXTRACT: 8.0983459999999994
NEmpty: 183
Pyramid: 1.378563
EXTRACT: 8.2111640000000001
NEmpty: 185
Pyramid: 1.356571
EXTRACT: 7.9429759999999998
NEmpty: 188
Pyramid: 1.40787
EXTRACT: 8.7814820000000005
NEmpty: 184
Pyramid: 1.3388310000000001
EXTRACT: 8.2838790000000007
NEmpty: 187
Pyramid: 1.343828
EXTRACT: 8.5052959999999995
NEmpty: 190
Pyramid: 1.367113
EXTRACT: 8.2971199999999996
NEmpty: 193
Pyramid: 1.319782
EXTRACT: 8.0420010000000008
NEmpty: 195
Pyramid: 1.28396
EXTRACT: 8.2501680000000004
NEmpty: 193
Pyramid: 1.3276190000000001
EXTRACT: 8.2016159999999996
NEmpty: 192
Pyramid: 1.4759789999999999
EXTRACT: 9.2529459999999997
NEmpty: 200
Pyramid: 1.360107
EXTRACT: 8.1243569999999998
NEmpty: 195
Pyramid: 1.3805670000000001
EXTRACT: 8.5263430000000007
NEmpty: 197
Pyramid: 1.4046129999999999
EXTRACT: 8.4212170000000004
NEmpty: 198
Pyramid: 1.2839849999999999
EXTRACT: 7.9802030000000004
NEmpty: 193
Pyramid: 1.3226560000000001
EXTRACT: 8.13476
NEmpty: 192
Pyramid: 1.3190109999999999
EXTRACT: 8.1648289999999992
NEmpty: 196
Pyramid: 1.34371
EXTRACT: 8.4426229999999993
NEmpty: 200
Pyramid: 1.4631769999999999
EXTRACT: 8.7797400000000003
NEmpty: 195
Pyramid: 1.421203
EXTRACT: 8.249689
NEmpty: 197
Pyramid: 1.405627
EXTRACT: 8.6043679999999991
NEmpty: 197
Pyramid: 1.4606349999999999
EXTRACT: 8.7241300000000006
NEmpty: 195
Pyramid: 1.418552
EXTRACT: 8.4868889999999997
NEmpty: 195
Pyramid: 2.1963469999999998
EXTRACT: 12.488125999999999
NEmpty: 194
Pyramid: 2.8023920000000002
EXTRACT: 15.819004
NEmpty: 197
Pyramid: 1.7728409999999999
EXTRACT: 10.271489000000001
NEmpty: 199
Pyramid: 1.563628
EXTRACT: 9.2054749999999999
NEmpty: 203
Pyramid: 7.2676550000000004
EXTRACT: 29.042525999999999
NEmpty: 202
Pyramid: 1.6483650000000001
EXTRACT: 8.9649169999999998
NEmpty: 205
Pyramid: 1.3726959999999999
EXTRACT: 8.4172360000000008
NEmpty: 203
Pyramid: 1.4777579999999999
EXTRACT: 8.5326579999999996
NEmpty: 198
Pyramid: 1.379081
EXTRACT: 8.4971060000000005
NEmpty: 199
Pyramid: 1.3971309999999999
EXTRACT: 8.6730789999999995
NEmpty: 199
Pyramid: 2.4345150000000002
EXTRACT: 14.419169999999999
NEmpty: 203
Pyramid: 2.2136170000000002
EXTRACT: 11.091768
NEmpty: 200
Pyramid: 1.3919630000000001
EXTRACT: 8.3924669999999999
NEmpty: 203
Pyramid: 1.388331
EXTRACT: 8.5644530000000003
NEmpty: 205
Pyramid: 1.405651
EXTRACT: 8.2974800000000002
NEmpty: 202
Pyramid: 1.6816199999999999
EXTRACT: 9.804888
NEmpty: 199
Pyramid: 1.57426
EXTRACT: 8.679449
NEmpty: 199
Pyramid: 1.447889
EXTRACT: 8.6400079999999999
NEmpty: 196
Pyramid: 1.4749099999999999
EXTRACT: 8.523612
NEmpty: 203
Pyramid: 1.4066080000000001
EXTRACT: 8.1711069999999992
NEmpty: 201
Pyramid: 2.167449
EXTRACT: 12.515409999999999
NEmpty: 199
Pyramid: 1.8525560000000001
EXTRACT: 11.47789
NEmpty: 196
Pyramid: 1.373963
EXTRACT: 8.4503369999999993
NEmpty: 197
Pyramid: 1.3884449999999999
EXTRACT: 8.1353430000000007
NEmpty: 198
Pyramid: 1.314201
EXTRACT: 7.805612
NEmpty: 195
Pyramid: 1.3190710000000001
EXTRACT: 8.7038080000000004
NEmpty: 192
Pyramid: 1.360436
EXTRACT: 8.0892970000000002
NEmpty: 189
Pyramid: 1.3357319999999999
EXTRACT: 8.2517420000000001
NEmpty: 189
Pyramid: 1.4549909999999999
EXTRACT: 8.6809639999999995
NEmpty: 193
Pyramid: 1.351693
EXTRACT: 8.2608800000000002
NEmpty: 195
Pyramid: 1.421527
EXTRACT: 8.5000970000000002
NEmpty: 195
Pyramid: 1.442512
EXTRACT: 8.2616949999999996
NEmpty: 193
Pyramid: 1.3275380000000001
EXTRACT: 7.831334
NEmpty: 192
Pyramid: 1.328371
EXTRACT: 8.0451899999999998
NEmpty: 190
Pyramid: 1.4235819999999999
EXTRACT: 8.1710550000000008
NEmpty: 196
Pyramid: 1.3763270000000001
EXTRACT: 7.9487110000000003
NEmpty: 190
Pyramid: 1.391062
EXTRACT: 8.3892389999999999
NEmpty: 196
Pyramid: 1.4344589999999999
EXTRACT: 8.4502790000000001
NEmpty: 194
Pyramid: 1.4160219999999999
EXTRACT: 8.5133690000000009
NEmpty: 192
Pyramid: 1.4369749999999999
EXTRACT: 8.2941929999999999
NEmpty: 187
Pyramid: 1.42374
EXTRACT: 8.2399039999999992
NEmpty: 188
Pyramid: 1.4923869999999999
EXTRACT: 8.5244450000000001
NEmpty: 194
Pyramid: 1.475131
EXTRACT: 8.7316719999999997
NEmpty: 190
Pyramid: 1.434382
EXTRACT: 8.4520289999999996
NEmpty: 191
Pyramid: 1.4537389999999999
EXTRACT: 8.2176229999999997
NEmpty: 191
Pyramid: 1.449722
EXTRACT: 8.2214519999999993
NEmpty: 192
Pyramid: 1.5562309999999999
EXTRACT: 8.8285920000000004
NEmpty: 183
Pyramid: 1.4829730000000001
EXTRACT: 8.2565039999999996
NEmpty: 183
Pyramid: 1.311104
EXTRACT: 7.7051530000000001
NEmpty: 179
Pyramid: 1.2904009999999999
EXTRACT: 7.6888209999999999
NEmpty: 176
Pyramid: 1.3076840000000001
EXTRACT: 7.8529669999999996
NEmpty: 176
Pyramid: 1.2367090000000001
EXTRACT: 7.7211319999999999
NEmpty: 174
Pyramid: 1.2320530000000001
EXTRACT: 7.6361080000000001
NEmpty: 172
Pyramid: 1.1854260000000001
EXTRACT: 7.4642600000000003
NEmpty: 170
Pyramid: 1.1895990000000001
EXTRACT: 7.6065120000000004
NEmpty: 172
Pyramid: 1.1893400000000001
EXTRACT: 7.5463849999999999
NEmpty: 167
Pyramid: 4.2831429999999999
EXTRACT: 24.805478000000001
NEmpty: 173
Pyramid: 1.659448
EXTRACT: 10.188957
NEmpty: 178
Pyramid: 1.144773
EXTRACT: 7.7425689999999996
NEmpty: 177
Pyramid: 1.1835580000000001
EXTRACT: 7.9715720000000001
NEmpty: 169
Pyramid: 1.1903360000000001
EXTRACT: 7.57829
NEmpty: 167
Pyramid: 1.1997549999999999
EXTRACT: 7.6365239999999996
NEmpty: 164
Pyramid: 1.21556
EXTRACT: 7.7134369999999999
NEmpty: 163
Pyramid: 1.1480319999999999
EXTRACT: 7.8883510000000001
start VIBA 2
build optimization graph
start optimization
end optimization
NEmpty: 162
Pyramid: 1.1850480000000001
EXTRACT: 7.53207
end VIBA 2
NEmpty: 166
Pyramid: 1.1643589999999999
EXTRACT: 7.7597709999999998
NEmpty: 160
Pyramid: 1.1660140000000001
EXTRACT: 7.6154760000000001
NEmpty: 157
Pyramid: 1.2488919999999999
EXTRACT: 7.9682820000000003
NEmpty: 165
Pyramid: 1.1566369999999999
EXTRACT: 7.6384829999999999
NEmpty: 153
Pyramid: 1.192321
EXTRACT: 7.6492750000000003
NEmpty: 154
Pyramid: 1.2008110000000001
EXTRACT: 7.7077400000000003
NEmpty: 170
Pyramid: 1.206326
EXTRACT: 7.485627
NEmpty: 163
Pyramid: 1.159543
EXTRACT: 7.2183570000000001
NEmpty: 153
Pyramid: 1.203406
EXTRACT: 8.1953010000000006
NEmpty: 162
Pyramid: 1.185721
EXTRACT: 7.7423640000000002
NEmpty: 158
Pyramid: 1.1852609999999999
EXTRACT: 7.5011919999999996
NEmpty: 157
Pyramid: 1.1968380000000001
EXTRACT: 7.345237
NEmpty: 158
Pyramid: 1.199346
EXTRACT: 8.3378689999999995
NEmpty: 158
Pyramid: 1.230893
EXTRACT: 7.8013440000000003
NEmpty: 159
Pyramid: 1.160633
EXTRACT: 7.4751219999999998
NEmpty: 151
Pyramid: 1.212075
EXTRACT: 7.1872980000000002
NEmpty: 151
Pyramid: 2.0777670000000001
EXTRACT: 12.524668
NEmpty: 150
Pyramid: 1.769461
EXTRACT: 11.644439999999999
NEmpty: 153
Pyramid: 1.1320600000000001
EXTRACT: 7.6385129999999997
NEmpty: 151
Pyramid: 1.162728
EXTRACT: 7.7098409999999999
NEmpty: 150
Pyramid: 1.115777
EXTRACT: 7.4779669999999996
NEmpty: 145
Pyramid: 1.318085
EXTRACT: 8.8422210000000003
NEmpty: 147
Pyramid: 1.167727
EXTRACT: 10.515321999999999
NEmpty: 148
Pyramid: 1.1252180000000001
EXTRACT: 7.5564239999999998
NEmpty: 149
Pyramid: 1.070878
EXTRACT: 7.2942850000000004
NEmpty: 147
Pyramid: 1.074427
EXTRACT: 6.9847320000000002
NEmpty: 148
Pyramid: 1.614592
EXTRACT: 11.523109
NEmpty: 148
Pyramid: 1.575639
EXTRACT: 10.588756999999999
NEmpty: 145
Pyramid: 1.092824
EXTRACT: 7.2092619999999998
NEmpty: 146
Pyramid: 1.086668
EXTRACT: 7.3921960000000002
NEmpty: 145
Pyramid: 1.101623
EXTRACT: 7.1859000000000002
NEmpty: 141
Pyramid: 1.30982
EXTRACT: 8.3209479999999996
NEmpty: 142
Pyramid: 2.027987
EXTRACT: 12.596736
NEmpty: 141
Pyramid: 1.5701849999999999
EXTRACT: 9.3579159999999995
NEmpty: 143
Pyramid: 1.1589510000000001
EXTRACT: 7.7682539999999998
NEmpty: 146
Pyramid: 1.126406
EXTRACT: 7.4174040000000003
NEmpty: 145
Pyramid: 1.1477219999999999
EXTRACT: 7.1569120000000002
NEmpty: 143
Pyramid: 1.0962369999999999
EXTRACT: 7.0246009999999997
NEmpty: 136
Pyramid: 1.1311990000000001
EXTRACT: 7.2579719999999996
NEmpty: 138
Pyramid: 1.141653
EXTRACT: 7.324287
NEmpty: 132
Pyramid: 1.131713
EXTRACT: 7.1619380000000001
NEmpty: 134
Pyramid: 1.134816
EXTRACT: 7.3213210000000002
NEmpty: 133
Pyramid: 1.0964069999999999
EXTRACT: 7.6772030000000004
NEmpty: 131
Pyramid: 1.1671640000000001
EXTRACT: 7.391972
NEmpty: 134
Pyramid: 1.101094
EXTRACT: 6.9720789999999999
NEmpty: 125
Pyramid: 1.7002489999999999
EXTRACT: 10.740367000000001
NEmpty: 130
Pyramid: 1.458744
EXTRACT: 8.8747950000000007
NEmpty: 128
Pyramid: 1.1833899999999999
EXTRACT: 7.173063
NEmpty: 125
Pyramid: 1.1163959999999999
EXTRACT: 7.2825220000000002
NEmpty: 133
Pyramid: 1.1089519999999999
EXTRACT: 7.4205750000000004
NEmpty: 130
Pyramid: 1.1751560000000001
EXTRACT: 7.1693379999999998
NEmpty: 132
Pyramid: 1.1629609999999999
EXTRACT: 8.0611429999999995
NEmpty: 134
Pyramid: 1.176887
EXTRACT: 7.4219340000000003
NEmpty: 124
Pyramid: 1.1601269999999999
EXTRACT: 7.329593
NEmpty: 125
Pyramid: 1.2008650000000001
EXTRACT: 7.0996949999999996
NEmpty: 123
Pyramid: 1.11527
EXTRACT: 9.5717700000000008
NEmpty: 128
Pyramid: 1.2190989999999999
EXTRACT: 7.5444940000000003
NEmpty: 131
Pyramid: 1.1820619999999999
EXTRACT: 7.5822209999999997
NEmpty: 130
Pyramid: 1.2014359999999999
EXTRACT: 7.1652139999999997
NEmpty: 121
Pyramid: 1.249528
EXTRACT: 8.3350770000000001
NEmpty: 129
Pyramid: 1.3105169999999999
EXTRACT: 7.9594139999999998
NEmpty: 128
Pyramid: 1.3433889999999999
EXTRACT: 7.9909720000000002
NEmpty: 126
Pyramid: 1.321285
EXTRACT: 7.6564019999999999
NEmpty: 135
Pyramid: 1.387918
EXTRACT: 8.1079340000000002
NEmpty: 143
Pyramid: 1.3855189999999999
EXTRACT: 8.5717250000000007
NEmpty: 142
Pyramid: 1.4696
EXTRACT: 8.6867079999999994
NEmpty: 143
Pyramid: 1.504588
EXTRACT: 8.3963819999999991
NEmpty: 144
Pyramid: 1.478939
EXTRACT: 8.5075699999999994
NEmpty: 148
Pyramid: 1.5529649999999999
EXTRACT: 8.9597390000000008
NEmpty: 148
Pyramid: 1.4946360000000001
EXTRACT: 8.6934930000000001
NEmpty: 144
Pyramid: 1.4697739999999999
EXTRACT: 8.5574250000000003
NEmpty: 148
Pyramid: 1.4933920000000001
EXTRACT: 8.5582250000000002
NEmpty: 148
Pyramid: 1.416515
EXTRACT: 8.7165689999999998
NEmpty: 148
Pyramid: 1.422542
EXTRACT: 8.5922099999999997
NEmpty: 147
Pyramid: 1.3930169999999999
EXTRACT: 8.4217119999999994
NEmpty: 138
Pyramid: 1.4371780000000001
EXTRACT: 8.2316020000000005
NEmpty: 139
Pyramid: 1.4228499999999999
EXTRACT: 8.9816020000000005
NEmpty: 140
Pyramid: 1.411141
EXTRACT: 8.493525
NEmpty: 134
Pyramid: 1.412857
EXTRACT: 8.3949090000000002
NEmpty: 139
Pyramid: 1.432391
EXTRACT: 8.2421000000000006
NEmpty: 139
Pyramid: 1.3796440000000001
EXTRACT: 8.4957879999999992
NEmpty: 141
Pyramid: 1.4209419999999999
EXTRACT: 8.5944970000000005
NEmpty: 143
Pyramid: 1.4343649999999999
EXTRACT: 8.6245670000000008
NEmpty: 145
Pyramid: 1.42835
EXTRACT: 8.2257820000000006
NEmpty: 143
Pyramid: 1.469055
EXTRACT: 8.2010839999999998
NEmpty: 144
Pyramid: 1.4471430000000001
EXTRACT: 8.3817070000000005
NEmpty: 145
Pyramid: 1.4524189999999999
EXTRACT: 8.4193060000000006
NEmpty: 144
Pyramid: 1.4101030000000001
EXTRACT: 8.3208470000000005
NEmpty: 139
Pyramid: 1.428186
EXTRACT: 8.2661470000000001
NEmpty: 140
Pyramid: 1.502434
EXTRACT: 8.3567920000000004
NEmpty: 144
Pyramid: 1.517533
EXTRACT: 9.2075899999999997
NEmpty: 146
Pyramid: 1.4945520000000001
EXTRACT: 8.7035429999999998
NEmpty: 143
Pyramid: 1.465355
EXTRACT: 8.5523290000000003
NEmpty: 138
Pyramid: 1.388498
EXTRACT: 8.4233080000000005
NEmpty: 138
Pyramid: 1.4168639999999999
EXTRACT: 8.5860909999999997
NEmpty: 131
Pyramid: 1.363985
EXTRACT: 8.2215299999999996
NEmpty: 126
Pyramid: 1.3085450000000001
EXTRACT: 8.1121549999999996
NEmpty: 128
Pyramid: 1.3124640000000001
EXTRACT: 7.9458770000000003
NEmpty: 124
Pyramid: 1.342128
EXTRACT: 8.1336180000000002
NEmpty: 121
Pyramid: 1.364085
EXTRACT: 8.0192720000000008
NEmpty: 108
Pyramid: 1.3105599999999999
EXTRACT: 7.7843669999999996
NEmpty: 111
Pyramid: 1.3036669999999999
EXTRACT: 7.4752460000000003
NEmpty: 118
Pyramid: 1.2963789999999999
EXTRACT: 7.8330880000000001
NEmpty: 116
Pyramid: 1.29291
EXTRACT: 7.715795
NEmpty: 116
Pyramid: 1.3545370000000001
EXTRACT: 7.8413040000000001
NEmpty: 115
Pyramid: 1.3482160000000001
EXTRACT: 7.7963810000000002
NEmpty: 121
Pyramid: 1.3579969999999999
EXTRACT: 8.100536
NEmpty: 121
Pyramid: 1.386876
EXTRACT: 8.4727779999999999
NEmpty: 124
Pyramid: 1.3874820000000001
EXTRACT: 8.1159820000000007
NEmpty: 125
Pyramid: 1.4287129999999999
EXTRACT: 8.0108990000000002
NEmpty: 122
Pyramid: 1.3995979999999999
EXTRACT: 8.1391460000000002
NEmpty: 124
Pyramid: 1.4694430000000001
EXTRACT: 8.4438239999999993
NEmpty: 123
Pyramid: 1.453938
EXTRACT: 8.4446390000000005
NEmpty: 124
Pyramid: 1.4160740000000001
EXTRACT: 8.0333930000000002
NEmpty: 122
Pyramid: 1.6493370000000001
EXTRACT: 9.6873889999999996
