file name: dataset-V102_monoi
Loading images for sequence 0...LOADED!
Loading IMU for sequence 0...LOADED!

ORB-SLAM3 Copyright (C) 2017-2020 Carlos Campos, Richard Elvira, Juan J. Gómez, José M.M. Montiel and Juan D. Tardós, University of Zaragoza.
ORB-SLAM2 Copyright (C) 2014-2016 Raúl Mur-Artal, José M.M. Montiel and Juan D. Tardós, University of Zaragoza.
This program comes with ABSOLUTELY NO WARRANTY;
This is free software, and you are welcome to redistribute it
under certain conditions. See LICENSE.txt.

Input sensor was set to: Monocular-Inertial

Loading ORB Vocabulary. This could take a while...
Vocabulary loaded!

Creation of new map with id: 0
Creation of new map with last KF id: 0
Seq. Name: 

Camera Parameters: 
- Camera: Pinhole
- fx: 458.65399169921875
- fy: 457.29598999023438
- cx: 367.21499633789062
- cy: 248.375
- k1: -0.28340810537338257
- k2: 0.073959067463874817
- p1: 0.00019359000725671649
- p2: 1.7618711353861727e-05
- fps: 20
- color order: RGB (ignored if grayscale)

ORB Extractor Parameters: 
- Number of Features: 1000
- Scale Levels: 8
- Scale Factor: 1.2000000476837158
- Initial Fast Threshold: 20
- Minimum Fast Threshold: 7

Left camera to Imu Transform (Tbc): 
[0.014865543, -0.99988091, 0.004140297, -0.021640146;
 0.99955726, 0.014967213, 0.02571553, -0.064676985;
 -0.025774436, 0.0037561883, 0.99966073, 0.0098107308;
 0, 0, 0, 1]

IMU frequency: 200 Hz
IMU gyro noise: 0.00016999999934341758 rad/s/sqrt(Hz)
IMU gyro walk: 1.9392999092815444e-05 rad/s^2/sqrt(Hz)
IMU accelerometer noise: 0.0020000000949949026 m/s^2/sqrt(Hz)
IMU accelerometer walk: 0.0030000000260770321 m/s^3/sqrt(Hz)
Pyramid: 8.008775
Loop: 0.41233700000000001
Level 0
Row 12
Col 20
minBorderX16
minBorderY16
maxBorderX736
maxBorderY464
wCell     36
hCell     38
